<?xml version="1.0" encoding="UTF-8"?>
<!-- Generated by org.testng.reporters.JUnitReportReporter -->
<testsuite hostname="LAPTOP-EFUV92DE" failures="0" tests="1" name="Selenium_Prj.mainClass" time="24.928" errors="0" timestamp="5 Dec 2017 04:30:08 GMT">
  <testcase classname="Selenium_Prj.mainClass" name="baseNavigation" time="24.928"/>
</testsuite> <!-- Selenium_Prj.mainClass -->
